0 info it worked if it ends with ok
1 verbose cli [ '/usr/bin/nodejs', '/usr/bin/npm', 'install' ]
2 info using npm@1.3.10
3 info using node@v0.10.25
4 verbose readDependencies using package.json deps
5 verbose install where, deps [ '/home/mi/code/elixir/one_api',
5 verbose install   [ 'phoenix',
5 verbose install     'phoenix_html',
5 verbose install     'babel-brunch',
5 verbose install     'brunch',
5 verbose install     'clean-css-brunch',
5 verbose install     'css-brunch',
5 verbose install     'javascript-brunch',
5 verbose install     'uglify-js-brunch' ] ]
6 info preinstall @
7 verbose readDependencies using package.json deps
8 verbose cache add [ 'phoenix@file:deps/phoenix', null ]
9 verbose cache add name=undefined spec="phoenix@file:deps/phoenix" args=["phoenix@file:deps/phoenix",null]
10 verbose parsed url { protocol: null,
10 verbose parsed url   slashes: null,
10 verbose parsed url   auth: null,
10 verbose parsed url   host: null,
10 verbose parsed url   port: null,
10 verbose parsed url   hostname: null,
10 verbose parsed url   hash: null,
10 verbose parsed url   search: null,
10 verbose parsed url   query: null,
10 verbose parsed url   pathname: 'phoenix@file:deps/phoenix',
10 verbose parsed url   path: 'phoenix@file:deps/phoenix',
10 verbose parsed url   href: 'phoenix@file:deps/phoenix' }
11 verbose cache add name="phoenix" spec="file:deps/phoenix" args=["phoenix","file:deps/phoenix"]
12 verbose parsed url { protocol: 'file:',
12 verbose parsed url   slashes: null,
12 verbose parsed url   auth: null,
12 verbose parsed url   host: null,
12 verbose parsed url   port: null,
12 verbose parsed url   hostname: null,
12 verbose parsed url   hash: null,
12 verbose parsed url   search: null,
12 verbose parsed url   query: null,
12 verbose parsed url   pathname: 'deps/phoenix',
12 verbose parsed url   path: 'deps/phoenix',
12 verbose parsed url   href: 'file:deps/phoenix' }
13 verbose addNamed [ 'phoenix', 'file:deps/phoenix' ]
14 verbose addNamed [ null, null ]
15 verbose cache add [ 'phoenix_html@file:deps/phoenix_html', null ]
16 verbose cache add name=undefined spec="phoenix_html@file:deps/phoenix_html" args=["phoenix_html@file:deps/phoenix_html",null]
17 verbose parsed url { protocol: null,
17 verbose parsed url   slashes: null,
17 verbose parsed url   auth: null,
17 verbose parsed url   host: null,
17 verbose parsed url   port: null,
17 verbose parsed url   hostname: null,
17 verbose parsed url   hash: null,
17 verbose parsed url   search: null,
17 verbose parsed url   query: null,
17 verbose parsed url   pathname: 'phoenix_html@file:deps/phoenix_html',
17 verbose parsed url   path: 'phoenix_html@file:deps/phoenix_html',
17 verbose parsed url   href: 'phoenix_html@file:deps/phoenix_html' }
18 verbose cache add name="phoenix_html" spec="file:deps/phoenix_html" args=["phoenix_html","file:deps/phoenix_html"]
19 verbose parsed url { protocol: 'file:',
19 verbose parsed url   slashes: null,
19 verbose parsed url   auth: null,
19 verbose parsed url   host: null,
19 verbose parsed url   port: null,
19 verbose parsed url   hostname: null,
19 verbose parsed url   hash: null,
19 verbose parsed url   search: null,
19 verbose parsed url   query: null,
19 verbose parsed url   pathname: 'deps/phoenix_html',
19 verbose parsed url   path: 'deps/phoenix_html',
19 verbose parsed url   href: 'file:deps/phoenix_html' }
20 verbose addNamed [ 'phoenix_html', 'file:deps/phoenix_html' ]
21 verbose addNamed [ null, null ]
22 verbose cache add [ 'babel-brunch@~6.0.0', null ]
23 verbose cache add name=undefined spec="babel-brunch@~6.0.0" args=["babel-brunch@~6.0.0",null]
24 verbose parsed url { protocol: null,
24 verbose parsed url   slashes: null,
24 verbose parsed url   auth: null,
24 verbose parsed url   host: null,
24 verbose parsed url   port: null,
24 verbose parsed url   hostname: null,
24 verbose parsed url   hash: null,
24 verbose parsed url   search: null,
24 verbose parsed url   query: null,
24 verbose parsed url   pathname: 'babel-brunch@~6.0.0',
24 verbose parsed url   path: 'babel-brunch@~6.0.0',
24 verbose parsed url   href: 'babel-brunch@~6.0.0' }
25 verbose cache add name="babel-brunch" spec="~6.0.0" args=["babel-brunch","~6.0.0"]
26 verbose parsed url { protocol: null,
26 verbose parsed url   slashes: null,
26 verbose parsed url   auth: null,
26 verbose parsed url   host: null,
26 verbose parsed url   port: null,
26 verbose parsed url   hostname: null,
26 verbose parsed url   hash: null,
26 verbose parsed url   search: null,
26 verbose parsed url   query: null,
26 verbose parsed url   pathname: '~6.0.0',
26 verbose parsed url   path: '~6.0.0',
26 verbose parsed url   href: '~6.0.0' }
27 verbose addNamed [ 'babel-brunch', '~6.0.0' ]
28 verbose addNamed [ null, '>=6.0.0-0 <6.1.0-0' ]
29 silly lockFile 25706d37-phoenix-file-deps-phoenix phoenix@file:deps/phoenix
30 verbose lock phoenix@file:deps/phoenix /home/mi/.npm/25706d37-phoenix-file-deps-phoenix.lock
31 silly lockFile 3d88e48d-enix-html-file-deps-phoenix-html phoenix_html@file:deps/phoenix_html
32 verbose lock phoenix_html@file:deps/phoenix_html /home/mi/.npm/3d88e48d-enix-html-file-deps-phoenix-html.lock
33 verbose cache add [ 'brunch@2.7.4', null ]
34 verbose cache add name=undefined spec="brunch@2.7.4" args=["brunch@2.7.4",null]
35 verbose parsed url { protocol: null,
35 verbose parsed url   slashes: null,
35 verbose parsed url   auth: null,
35 verbose parsed url   host: null,
35 verbose parsed url   port: null,
35 verbose parsed url   hostname: null,
35 verbose parsed url   hash: null,
35 verbose parsed url   search: null,
35 verbose parsed url   query: null,
35 verbose parsed url   pathname: 'brunch@2.7.4',
35 verbose parsed url   path: 'brunch@2.7.4',
35 verbose parsed url   href: 'brunch@2.7.4' }
36 verbose cache add name="brunch" spec="2.7.4" args=["brunch","2.7.4"]
37 verbose parsed url { protocol: null,
37 verbose parsed url   slashes: null,
37 verbose parsed url   auth: null,
37 verbose parsed url   host: null,
37 verbose parsed url   port: null,
37 verbose parsed url   hostname: null,
37 verbose parsed url   hash: null,
37 verbose parsed url   search: null,
37 verbose parsed url   query: null,
37 verbose parsed url   pathname: '2.7.4',
37 verbose parsed url   path: '2.7.4',
37 verbose parsed url   href: '2.7.4' }
38 verbose addNamed [ 'brunch', '2.7.4' ]
39 verbose addNamed [ '2.7.4', '2.7.4' ]
40 silly lockFile 34741395-brunch-2-7-4 brunch@2.7.4
41 verbose lock brunch@2.7.4 /home/mi/.npm/34741395-brunch-2-7-4.lock
42 verbose cache add [ 'clean-css-brunch@~2.0.0', null ]
43 verbose cache add name=undefined spec="clean-css-brunch@~2.0.0" args=["clean-css-brunch@~2.0.0",null]
44 verbose parsed url { protocol: null,
44 verbose parsed url   slashes: null,
44 verbose parsed url   auth: null,
44 verbose parsed url   host: null,
44 verbose parsed url   port: null,
44 verbose parsed url   hostname: null,
44 verbose parsed url   hash: null,
44 verbose parsed url   search: null,
44 verbose parsed url   query: null,
44 verbose parsed url   pathname: 'clean-css-brunch@~2.0.0',
44 verbose parsed url   path: 'clean-css-brunch@~2.0.0',
44 verbose parsed url   href: 'clean-css-brunch@~2.0.0' }
45 verbose cache add name="clean-css-brunch" spec="~2.0.0" args=["clean-css-brunch","~2.0.0"]
46 verbose parsed url { protocol: null,
46 verbose parsed url   slashes: null,
46 verbose parsed url   auth: null,
46 verbose parsed url   host: null,
46 verbose parsed url   port: null,
46 verbose parsed url   hostname: null,
46 verbose parsed url   hash: null,
46 verbose parsed url   search: null,
46 verbose parsed url   query: null,
46 verbose parsed url   pathname: '~2.0.0',
46 verbose parsed url   path: '~2.0.0',
46 verbose parsed url   href: '~2.0.0' }
47 verbose addNamed [ 'clean-css-brunch', '~2.0.0' ]
48 verbose addNamed [ null, '>=2.0.0-0 <2.1.0-0' ]
49 silly lockFile 2cc3d744-clean-css-brunch-2-0-0 clean-css-brunch@~2.0.0
50 verbose lock clean-css-brunch@~2.0.0 /home/mi/.npm/2cc3d744-clean-css-brunch-2-0-0.lock
51 silly lockFile 6b74a846-babel-brunch-6-0-0 babel-brunch@~6.0.0
52 verbose lock babel-brunch@~6.0.0 /home/mi/.npm/6b74a846-babel-brunch-6-0-0.lock
53 verbose cache add [ 'css-brunch@~2.0.0', null ]
54 verbose cache add name=undefined spec="css-brunch@~2.0.0" args=["css-brunch@~2.0.0",null]
55 verbose parsed url { protocol: null,
55 verbose parsed url   slashes: null,
55 verbose parsed url   auth: null,
55 verbose parsed url   host: null,
55 verbose parsed url   port: null,
55 verbose parsed url   hostname: null,
55 verbose parsed url   hash: null,
55 verbose parsed url   search: null,
55 verbose parsed url   query: null,
55 verbose parsed url   pathname: 'css-brunch@~2.0.0',
55 verbose parsed url   path: 'css-brunch@~2.0.0',
55 verbose parsed url   href: 'css-brunch@~2.0.0' }
56 verbose cache add name="css-brunch" spec="~2.0.0" args=["css-brunch","~2.0.0"]
57 verbose parsed url { protocol: null,
57 verbose parsed url   slashes: null,
57 verbose parsed url   auth: null,
57 verbose parsed url   host: null,
57 verbose parsed url   port: null,
57 verbose parsed url   hostname: null,
57 verbose parsed url   hash: null,
57 verbose parsed url   search: null,
57 verbose parsed url   query: null,
57 verbose parsed url   pathname: '~2.0.0',
57 verbose parsed url   path: '~2.0.0',
57 verbose parsed url   href: '~2.0.0' }
58 verbose addNamed [ 'css-brunch', '~2.0.0' ]
59 verbose addNamed [ null, '>=2.0.0-0 <2.1.0-0' ]
60 silly lockFile 1da32090-css-brunch-2-0-0 css-brunch@~2.0.0
61 verbose lock css-brunch@~2.0.0 /home/mi/.npm/1da32090-css-brunch-2-0-0.lock
62 verbose cache add [ 'javascript-brunch@~2.0.0', null ]
63 verbose cache add name=undefined spec="javascript-brunch@~2.0.0" args=["javascript-brunch@~2.0.0",null]
64 verbose parsed url { protocol: null,
64 verbose parsed url   slashes: null,
64 verbose parsed url   auth: null,
64 verbose parsed url   host: null,
64 verbose parsed url   port: null,
64 verbose parsed url   hostname: null,
64 verbose parsed url   hash: null,
64 verbose parsed url   search: null,
64 verbose parsed url   query: null,
64 verbose parsed url   pathname: 'javascript-brunch@~2.0.0',
64 verbose parsed url   path: 'javascript-brunch@~2.0.0',
64 verbose parsed url   href: 'javascript-brunch@~2.0.0' }
65 verbose cache add name="javascript-brunch" spec="~2.0.0" args=["javascript-brunch","~2.0.0"]
66 verbose parsed url { protocol: null,
66 verbose parsed url   slashes: null,
66 verbose parsed url   auth: null,
66 verbose parsed url   host: null,
66 verbose parsed url   port: null,
66 verbose parsed url   hostname: null,
66 verbose parsed url   hash: null,
66 verbose parsed url   search: null,
66 verbose parsed url   query: null,
66 verbose parsed url   pathname: '~2.0.0',
66 verbose parsed url   path: '~2.0.0',
66 verbose parsed url   href: '~2.0.0' }
67 verbose addNamed [ 'javascript-brunch', '~2.0.0' ]
68 verbose addNamed [ null, '>=2.0.0-0 <2.1.0-0' ]
69 silly lockFile ba3f7e2f-javascript-brunch-2-0-0 javascript-brunch@~2.0.0
70 verbose lock javascript-brunch@~2.0.0 /home/mi/.npm/ba3f7e2f-javascript-brunch-2-0-0.lock
71 info addNameTag [ 'phoenix', 'file:deps/phoenix' ]
72 verbose cache add [ 'uglify-js-brunch@~2.0.1', null ]
73 verbose cache add name=undefined spec="uglify-js-brunch@~2.0.1" args=["uglify-js-brunch@~2.0.1",null]
74 verbose parsed url { protocol: null,
74 verbose parsed url   slashes: null,
74 verbose parsed url   auth: null,
74 verbose parsed url   host: null,
74 verbose parsed url   port: null,
74 verbose parsed url   hostname: null,
74 verbose parsed url   hash: null,
74 verbose parsed url   search: null,
74 verbose parsed url   query: null,
74 verbose parsed url   pathname: 'uglify-js-brunch@~2.0.1',
74 verbose parsed url   path: 'uglify-js-brunch@~2.0.1',
74 verbose parsed url   href: 'uglify-js-brunch@~2.0.1' }
75 verbose cache add name="uglify-js-brunch" spec="~2.0.1" args=["uglify-js-brunch","~2.0.1"]
76 verbose parsed url { protocol: null,
76 verbose parsed url   slashes: null,
76 verbose parsed url   auth: null,
76 verbose parsed url   host: null,
76 verbose parsed url   port: null,
76 verbose parsed url   hostname: null,
76 verbose parsed url   hash: null,
76 verbose parsed url   search: null,
76 verbose parsed url   query: null,
76 verbose parsed url   pathname: '~2.0.1',
76 verbose parsed url   path: '~2.0.1',
76 verbose parsed url   href: '~2.0.1' }
77 verbose addNamed [ 'uglify-js-brunch', '~2.0.1' ]
78 verbose addNamed [ null, '>=2.0.1-0 <2.1.0-0' ]
79 silly lockFile d368487a-uglify-js-brunch-2-0-1 uglify-js-brunch@~2.0.1
80 verbose lock uglify-js-brunch@~2.0.1 /home/mi/.npm/d368487a-uglify-js-brunch-2-0-1.lock
81 silly addNameRange { name: 'clean-css-brunch',
81 silly addNameRange   range: '>=2.0.0-0 <2.1.0-0',
81 silly addNameRange   hasData: false }
82 silly addNameRange { name: 'babel-brunch',
82 silly addNameRange   range: '>=6.0.0-0 <6.1.0-0',
82 silly addNameRange   hasData: false }
83 silly addNameRange { name: 'css-brunch',
83 silly addNameRange   range: '>=2.0.0-0 <2.1.0-0',
83 silly addNameRange   hasData: false }
84 silly addNameRange { name: 'javascript-brunch',
84 silly addNameRange   range: '>=2.0.0-0 <2.1.0-0',
84 silly addNameRange   hasData: false }
85 silly addNameRange { name: 'uglify-js-brunch',
85 silly addNameRange   range: '>=2.0.1-0 <2.1.0-0',
85 silly addNameRange   hasData: false }
86 info addNameTag [ 'phoenix_html', 'file:deps/phoenix_html' ]
87 verbose url raw phoenix
88 verbose url resolving [ 'https://registry.npmjs.org/', './phoenix' ]
89 verbose url resolved https://registry.npmjs.org/phoenix
90 info trying registry request attempt 1 at 11:03:18
91 verbose etag "58719669-24c7"
92 http GET https://registry.npmjs.org/phoenix
93 verbose url raw brunch/2.7.4
94 verbose url resolving [ 'https://registry.npmjs.org/', './brunch/2.7.4' ]
95 verbose url resolved https://registry.npmjs.org/brunch/2.7.4
96 info trying registry request attempt 1 at 11:03:18
97 verbose etag "9LEE7Y59EOOXG57I9LDGEZUN8"
98 http GET https://registry.npmjs.org/brunch/2.7.4
99 verbose url raw clean-css-brunch
100 verbose url resolving [ 'https://registry.npmjs.org/', './clean-css-brunch' ]
101 verbose url resolved https://registry.npmjs.org/clean-css-brunch
102 info trying registry request attempt 1 at 11:03:18
103 verbose etag "5825f7de-3f29"
104 http GET https://registry.npmjs.org/clean-css-brunch
105 verbose url raw babel-brunch
106 verbose url resolving [ 'https://registry.npmjs.org/', './babel-brunch' ]
107 verbose url resolved https://registry.npmjs.org/babel-brunch
108 info trying registry request attempt 1 at 11:03:18
109 verbose etag "57b3b652-4e24"
110 http GET https://registry.npmjs.org/babel-brunch
111 verbose url raw css-brunch
112 verbose url resolving [ 'https://registry.npmjs.org/', './css-brunch' ]
113 verbose url resolved https://registry.npmjs.org/css-brunch
114 info trying registry request attempt 1 at 11:03:18
115 verbose etag "5825f7d0-3779"
116 http GET https://registry.npmjs.org/css-brunch
117 verbose url raw javascript-brunch
118 verbose url resolving [ 'https://registry.npmjs.org/', './javascript-brunch' ]
119 verbose url resolved https://registry.npmjs.org/javascript-brunch
120 info trying registry request attempt 1 at 11:03:18
121 verbose etag "5825f7d0-35b6"
122 http GET https://registry.npmjs.org/javascript-brunch
123 verbose url raw uglify-js-brunch
124 verbose url resolving [ 'https://registry.npmjs.org/', './uglify-js-brunch' ]
125 verbose url resolved https://registry.npmjs.org/uglify-js-brunch
126 info trying registry request attempt 1 at 11:03:18
127 verbose etag "589387c4-5f7b"
128 http GET https://registry.npmjs.org/uglify-js-brunch
129 verbose url raw phoenix_html
130 verbose url resolving [ 'https://registry.npmjs.org/', './phoenix_html' ]
131 verbose url resolved https://registry.npmjs.org/phoenix_html
132 info trying registry request attempt 1 at 11:03:18
133 http GET https://registry.npmjs.org/phoenix_html
134 http 304 https://registry.npmjs.org/phoenix
135 silly registry.get cb [ 304,
135 silly registry.get   { date: 'Fri, 03 Feb 2017 03:03:18 GMT',
135 silly registry.get     via: '1.1 varnish',
135 silly registry.get     'cache-control': 'max-age=300',
135 silly registry.get     etag: '"58719669-24c7"',
135 silly registry.get     age: '178',
135 silly registry.get     connection: 'keep-alive',
135 silly registry.get     'x-served-by': 'cache-nrt6128-NRT',
135 silly registry.get     'x-cache': 'HIT',
135 silly registry.get     'x-cache-hits': '1',
135 silly registry.get     'x-timer': 'S1486090998.920402,VS0,VE0',
135 silly registry.get     vary: 'Accept-Encoding' } ]
136 verbose etag phoenix from cache
137 http 304 https://registry.npmjs.org/brunch/2.7.4
138 silly registry.get cb [ 304,
138 silly registry.get   { date: 'Fri, 03 Feb 2017 03:03:18 GMT',
138 silly registry.get     via: '1.1 varnish',
138 silly registry.get     'cache-control': 'max-age=300',
138 silly registry.get     etag: '"9LEE7Y59EOOXG57I9LDGEZUN8"',
138 silly registry.get     age: '178',
138 silly registry.get     connection: 'keep-alive',
138 silly registry.get     'x-served-by': 'cache-nrt6121-NRT',
138 silly registry.get     'x-cache': 'HIT',
138 silly registry.get     'x-cache-hits': '1',
138 silly registry.get     'x-timer': 'S1486090998.930049,VS0,VE0',
138 silly registry.get     vary: 'Accept-Encoding' } ]
139 verbose etag brunch/2.7.4 from cache
140 http 304 https://registry.npmjs.org/css-brunch
141 silly registry.get cb [ 304,
141 silly registry.get   { date: 'Fri, 03 Feb 2017 03:03:18 GMT',
141 silly registry.get     via: '1.1 varnish',
141 silly registry.get     'cache-control': 'max-age=300',
141 silly registry.get     etag: '"5825f7d0-3779"',
141 silly registry.get     age: '179',
141 silly registry.get     connection: 'keep-alive',
141 silly registry.get     'x-served-by': 'cache-nrt6134-NRT',
141 silly registry.get     'x-cache': 'HIT',
141 silly registry.get     'x-cache-hits': '1',
141 silly registry.get     'x-timer': 'S1486090998.936090,VS0,VE0',
141 silly registry.get     vary: 'Accept-Encoding' } ]
142 verbose etag css-brunch from cache
143 http 304 https://registry.npmjs.org/babel-brunch
144 silly registry.get cb [ 304,
144 silly registry.get   { date: 'Fri, 03 Feb 2017 03:03:18 GMT',
144 silly registry.get     via: '1.1 varnish',
144 silly registry.get     'cache-control': 'max-age=300',
144 silly registry.get     etag: '"57b3b652-4e24"',
144 silly registry.get     age: '179',
144 silly registry.get     connection: 'keep-alive',
144 silly registry.get     'x-served-by': 'cache-nrt6121-NRT',
144 silly registry.get     'x-cache': 'HIT',
144 silly registry.get     'x-cache-hits': '1',
144 silly registry.get     'x-timer': 'S1486090998.931462,VS0,VE0',
144 silly registry.get     vary: 'Accept-Encoding' } ]
145 verbose etag babel-brunch from cache
146 http 304 https://registry.npmjs.org/clean-css-brunch
147 silly registry.get cb [ 304,
147 silly registry.get   { date: 'Fri, 03 Feb 2017 03:03:18 GMT',
147 silly registry.get     via: '1.1 varnish',
147 silly registry.get     'cache-control': 'max-age=300',
147 silly registry.get     etag: '"5825f7de-3f29"',
147 silly registry.get     age: '179',
147 silly registry.get     connection: 'keep-alive',
147 silly registry.get     'x-served-by': 'cache-nrt6123-NRT',
147 silly registry.get     'x-cache': 'HIT',
147 silly registry.get     'x-cache-hits': '1',
147 silly registry.get     'x-timer': 'S1486090998.932366,VS0,VE0',
147 silly registry.get     vary: 'Accept-Encoding' } ]
148 verbose etag clean-css-brunch from cache
149 info maybeGithub Attempting file:deps/phoenix from git://github.com/file:deps/phoenix
150 silly lockFile 6d5f9840-git-github-com-file-deps-phoenix git://github.com/file:deps/phoenix
151 verbose lock git://github.com/file:deps/phoenix /home/mi/.npm/6d5f9840-git-github-com-file-deps-phoenix.lock
152 silly addNameRange number 2 { name: 'babel-brunch',
152 silly addNameRange   range: '>=6.0.0-0 <6.1.0-0',
152 silly addNameRange   hasData: true }
153 silly addNameRange versions [ 'babel-brunch',
153 silly addNameRange   [ '4.0.0',
153 silly addNameRange     '5.0.0',
153 silly addNameRange     '5.0.1',
153 silly addNameRange     '5.1.0',
153 silly addNameRange     '5.1.1',
153 silly addNameRange     '5.1.2',
153 silly addNameRange     '6.0.0',
153 silly addNameRange     '6.0.1',
153 silly addNameRange     '6.0.2',
153 silly addNameRange     '6.0.3',
153 silly addNameRange     '6.0.4',
153 silly addNameRange     '6.0.5',
153 silly addNameRange     '6.0.6' ] ]
154 verbose addNamed [ 'babel-brunch', '6.0.6' ]
155 verbose addNamed [ '6.0.6', '6.0.6' ]
156 silly lockFile cd22ecc2-babel-brunch-6-0-6 babel-brunch@6.0.6
157 verbose lock babel-brunch@6.0.6 /home/mi/.npm/cd22ecc2-babel-brunch-6-0-6.lock
158 silly addNameRange number 2 { name: 'css-brunch',
158 silly addNameRange   range: '>=2.0.0-0 <2.1.0-0',
158 silly addNameRange   hasData: true }
159 silly addNameRange versions [ 'css-brunch',
159 silly addNameRange   [ '1.0.0',
159 silly addNameRange     '1.1.0',
159 silly addNameRange     '1.1.1',
159 silly addNameRange     '1.3.0',
159 silly addNameRange     '1.5.0',
159 silly addNameRange     '1.5.1',
159 silly addNameRange     '1.6.0',
159 silly addNameRange     '1.7.0',
159 silly addNameRange     '2.0.0',
159 silly addNameRange     '2.6.0',
159 silly addNameRange     '2.6.1' ] ]
160 verbose addNamed [ 'css-brunch', '2.0.0' ]
161 verbose addNamed [ '2.0.0', '2.0.0' ]
162 silly lockFile 708400cd-css-brunch-2-0-0 css-brunch@2.0.0
163 verbose lock css-brunch@2.0.0 /home/mi/.npm/708400cd-css-brunch-2-0-0.lock
164 silly addNameRange number 2 { name: 'clean-css-brunch',
164 silly addNameRange   range: '>=2.0.0-0 <2.1.0-0',
164 silly addNameRange   hasData: true }
165 silly addNameRange versions [ 'clean-css-brunch',
165 silly addNameRange   [ '1.0.0',
165 silly addNameRange     '1.1.0',
165 silly addNameRange     '1.1.1',
165 silly addNameRange     '1.3.0',
165 silly addNameRange     '1.4.0',
165 silly addNameRange     '1.5.0',
165 silly addNameRange     '1.5.1',
165 silly addNameRange     '1.6.0',
165 silly addNameRange     '1.7.0',
165 silly addNameRange     '1.7.1',
165 silly addNameRange     '1.7.2',
165 silly addNameRange     '1.8.0',
165 silly addNameRange     '2.0.0' ] ]
166 verbose addNamed [ 'clean-css-brunch', '2.0.0' ]
167 verbose addNamed [ '2.0.0', '2.0.0' ]
168 silly lockFile 9c5c8935-clean-css-brunch-2-0-0 clean-css-brunch@2.0.0
169 verbose lock clean-css-brunch@2.0.0 /home/mi/.npm/9c5c8935-clean-css-brunch-2-0-0.lock
170 silly lockFile 4af45fd5-pmjs-org-brunch-brunch-2-7-4-tgz https://registry.npmjs.org/brunch/-/brunch-2.7.4.tgz
171 verbose lock https://registry.npmjs.org/brunch/-/brunch-2.7.4.tgz /home/mi/.npm/4af45fd5-pmjs-org-brunch-brunch-2-7-4-tgz.lock
172 verbose addRemoteGit [ 'git://github.com/file:deps/phoenix', 'master' ]
173 verbose addRemoteTarball [ 'https://registry.npmjs.org/brunch/-/brunch-2.7.4.tgz',
173 verbose addRemoteTarball   '961b3de71fc6b2ecbbcf08b5f578595c0752749a' ]
174 silly lockFile c0e3b9bc--css-brunch-css-brunch-2-0-0-tgz https://registry.npmjs.org/css-brunch/-/css-brunch-2.0.0.tgz
175 verbose lock https://registry.npmjs.org/css-brunch/-/css-brunch-2.0.0.tgz /home/mi/.npm/c0e3b9bc--css-brunch-css-brunch-2-0-0-tgz.lock
176 verbose addRemoteTarball [ 'https://registry.npmjs.org/css-brunch/-/css-brunch-2.0.0.tgz',
176 verbose addRemoteTarball   'a4c6bec7d7f6c8fa4769a72ee95cfdfc50c54157' ]
177 info retry fetch attempt 1 at 11:03:18
178 verbose fetch to= /home/mi/tmp/npm-12767-ihm5559z/1486090998941-0.32627208926714957/tmp.tgz
179 info retry fetch attempt 1 at 11:03:18
180 verbose fetch to= /home/mi/tmp/npm-12767-ihm5559z/1486090998940-0.6554896789602935/tmp.tgz
181 http GET https://registry.npmjs.org/css-brunch/-/css-brunch-2.0.0.tgz
182 http GET https://registry.npmjs.org/brunch/-/brunch-2.7.4.tgz
183 silly lockFile cd22ecc2-babel-brunch-6-0-6 babel-brunch@6.0.6
184 silly lockFile cd22ecc2-babel-brunch-6-0-6 babel-brunch@6.0.6
185 silly lockFile 9c5c8935-clean-css-brunch-2-0-0 clean-css-brunch@2.0.0
186 silly lockFile 9c5c8935-clean-css-brunch-2-0-0 clean-css-brunch@2.0.0
187 silly lockFile 6b74a846-babel-brunch-6-0-0 babel-brunch@~6.0.0
188 silly lockFile 6b74a846-babel-brunch-6-0-0 babel-brunch@~6.0.0
189 silly lockFile 2cc3d744-clean-css-brunch-2-0-0 clean-css-brunch@~2.0.0
190 silly lockFile 2cc3d744-clean-css-brunch-2-0-0 clean-css-brunch@~2.0.0
191 http 304 https://registry.npmjs.org/javascript-brunch
192 silly registry.get cb [ 304,
192 silly registry.get   { date: 'Fri, 03 Feb 2017 03:03:19 GMT',
192 silly registry.get     via: '1.1 varnish',
192 silly registry.get     'cache-control': 'max-age=300',
192 silly registry.get     etag: '"5825f7d0-35b6"',
192 silly registry.get     age: '179',
192 silly registry.get     connection: 'keep-alive',
192 silly registry.get     'x-served-by': 'cache-nrt6128-NRT',
192 silly registry.get     'x-cache': 'HIT',
192 silly registry.get     'x-cache-hits': '1',
192 silly registry.get     'x-timer': 'S1486090999.071834,VS0,VE0',
192 silly registry.get     vary: 'Accept-Encoding' } ]
193 verbose etag javascript-brunch from cache
194 http 304 https://registry.npmjs.org/uglify-js-brunch
195 silly registry.get cb [ 304,
195 silly registry.get   { date: 'Fri, 03 Feb 2017 03:03:19 GMT',
195 silly registry.get     via: '1.1 varnish',
195 silly registry.get     'cache-control': 'max-age=300',
195 silly registry.get     etag: '"589387c4-5f7b"',
195 silly registry.get     age: '179',
195 silly registry.get     connection: 'keep-alive',
195 silly registry.get     'x-served-by': 'cache-nrt6121-NRT',
195 silly registry.get     'x-cache': 'HIT',
195 silly registry.get     'x-cache-hits': '1',
195 silly registry.get     'x-timer': 'S1486090999.082297,VS0,VE0',
195 silly registry.get     vary: 'Accept-Encoding' } ]
196 verbose etag uglify-js-brunch from cache
197 silly addNameRange number 2 { name: 'javascript-brunch',
197 silly addNameRange   range: '>=2.0.0-0 <2.1.0-0',
197 silly addNameRange   hasData: true }
198 silly addNameRange versions [ 'javascript-brunch',
198 silly addNameRange   [ '1.0.0',
198 silly addNameRange     '1.1.0',
198 silly addNameRange     '1.1.1',
198 silly addNameRange     '1.3.0',
198 silly addNameRange     '1.5.0',
198 silly addNameRange     '1.5.1',
198 silly addNameRange     '1.6.0',
198 silly addNameRange     '1.7.0',
198 silly addNameRange     '1.7.1',
198 silly addNameRange     '1.8.0',
198 silly addNameRange     '2.0.0' ] ]
199 verbose addNamed [ 'javascript-brunch', '2.0.0' ]
200 verbose addNamed [ '2.0.0', '2.0.0' ]
201 silly lockFile 67fa401c-javascript-brunch-2-0-0 javascript-brunch@2.0.0
202 verbose lock javascript-brunch@2.0.0 /home/mi/.npm/67fa401c-javascript-brunch-2-0-0.lock
203 silly addNameRange number 2 { name: 'uglify-js-brunch',
203 silly addNameRange   range: '>=2.0.1-0 <2.1.0-0',
203 silly addNameRange   hasData: true }
204 silly addNameRange versions [ 'uglify-js-brunch',
204 silly addNameRange   [ '1.0.0',
204 silly addNameRange     '1.1.0',
204 silly addNameRange     '1.1.1',
204 silly addNameRange     '1.3.0',
204 silly addNameRange     '1.3.1',
204 silly addNameRange     '1.5.0',
204 silly addNameRange     '1.5.1',
204 silly addNameRange     '1.7.0',
204 silly addNameRange     '1.7.1',
204 silly addNameRange     '1.7.2',
204 silly addNameRange     '1.7.3',
204 silly addNameRange     '1.7.4',
204 silly addNameRange     '1.7.5',
204 silly addNameRange     '1.7.6',
204 silly addNameRange     '1.7.7',
204 silly addNameRange     '1.7.8',
204 silly addNameRange     '2.0.0',
204 silly addNameRange     '2.0.1',
204 silly addNameRange     '2.1.0',
204 silly addNameRange     '2.1.1' ] ]
205 verbose addNamed [ 'uglify-js-brunch', '2.0.1' ]
206 verbose addNamed [ '2.0.1', '2.0.1' ]
207 silly lockFile 670853b1-uglify-js-brunch-2-0-1 uglify-js-brunch@2.0.1
208 verbose lock uglify-js-brunch@2.0.1 /home/mi/.npm/670853b1-uglify-js-brunch-2-0-1.lock
209 silly lockFile 67fa401c-javascript-brunch-2-0-0 javascript-brunch@2.0.0
210 silly lockFile 67fa401c-javascript-brunch-2-0-0 javascript-brunch@2.0.0
211 silly lockFile 670853b1-uglify-js-brunch-2-0-1 uglify-js-brunch@2.0.1
212 silly lockFile 670853b1-uglify-js-brunch-2-0-1 uglify-js-brunch@2.0.1
213 silly lockFile ba3f7e2f-javascript-brunch-2-0-0 javascript-brunch@~2.0.0
214 silly lockFile ba3f7e2f-javascript-brunch-2-0-0 javascript-brunch@~2.0.0
215 silly lockFile d368487a-uglify-js-brunch-2-0-1 uglify-js-brunch@~2.0.1
216 silly lockFile d368487a-uglify-js-brunch-2-0-1 uglify-js-brunch@~2.0.1
217 http 200 https://registry.npmjs.org/css-brunch/-/css-brunch-2.0.0.tgz
218 http 200 https://registry.npmjs.org/brunch/-/brunch-2.7.4.tgz
219 verbose tar unpack /home/mi/tmp/npm-12767-ihm5559z/1486090998941-0.32627208926714957/tmp.tgz
220 silly lockFile 31f70480-8941-0-32627208926714957-package tar:///home/mi/tmp/npm-12767-ihm5559z/1486090998941-0.32627208926714957/package
221 verbose lock tar:///home/mi/tmp/npm-12767-ihm5559z/1486090998941-0.32627208926714957/package /home/mi/.npm/31f70480-8941-0-32627208926714957-package.lock
222 silly lockFile 6b230e2f-8941-0-32627208926714957-tmp-tgz tar:///home/mi/tmp/npm-12767-ihm5559z/1486090998941-0.32627208926714957/tmp.tgz
223 verbose lock tar:///home/mi/tmp/npm-12767-ihm5559z/1486090998941-0.32627208926714957/tmp.tgz /home/mi/.npm/6b230e2f-8941-0-32627208926714957-tmp-tgz.lock
224 silly gunzTarPerm modes [ '755', '644' ]
225 silly gunzTarPerm extractEntry package.json
226 silly gunzTarPerm extractEntry .npmignore
227 silly gunzTarPerm extractEntry README.md
228 silly gunzTarPerm extractEntry index.js
229 silly gunzTarPerm extractEntry test.js
230 silly gunzTarPerm extractEntry .eslintrc.json
231 silly gunzTarPerm extractEntry CHANGELOG.md
232 silly lockFile 31f70480-8941-0-32627208926714957-package tar:///home/mi/tmp/npm-12767-ihm5559z/1486090998941-0.32627208926714957/package
233 silly lockFile 31f70480-8941-0-32627208926714957-package tar:///home/mi/tmp/npm-12767-ihm5559z/1486090998941-0.32627208926714957/package
234 silly lockFile 6b230e2f-8941-0-32627208926714957-tmp-tgz tar:///home/mi/tmp/npm-12767-ihm5559z/1486090998941-0.32627208926714957/tmp.tgz
235 silly lockFile 6b230e2f-8941-0-32627208926714957-tmp-tgz tar:///home/mi/tmp/npm-12767-ihm5559z/1486090998941-0.32627208926714957/tmp.tgz
236 verbose tar pack [ '/home/mi/.npm/css-brunch/2.0.0/package.tgz',
236 verbose tar pack   '/home/mi/tmp/npm-12767-ihm5559z/1486090998941-0.32627208926714957/package' ]
237 verbose tarball /home/mi/.npm/css-brunch/2.0.0/package.tgz
238 verbose folder /home/mi/tmp/npm-12767-ihm5559z/1486090998941-0.32627208926714957/package
239 silly lockFile 31f70480-8941-0-32627208926714957-package tar:///home/mi/tmp/npm-12767-ihm5559z/1486090998941-0.32627208926714957/package
240 verbose lock tar:///home/mi/tmp/npm-12767-ihm5559z/1486090998941-0.32627208926714957/package /home/mi/.npm/31f70480-8941-0-32627208926714957-package.lock
241 silly lockFile 0fc581a9-npm-css-brunch-2-0-0-package-tgz tar:///home/mi/.npm/css-brunch/2.0.0/package.tgz
242 verbose lock tar:///home/mi/.npm/css-brunch/2.0.0/package.tgz /home/mi/.npm/0fc581a9-npm-css-brunch-2-0-0-package-tgz.lock
243 silly lockFile 31f70480-8941-0-32627208926714957-package tar:///home/mi/tmp/npm-12767-ihm5559z/1486090998941-0.32627208926714957/package
244 silly lockFile 31f70480-8941-0-32627208926714957-package tar:///home/mi/tmp/npm-12767-ihm5559z/1486090998941-0.32627208926714957/package
245 silly lockFile 0fc581a9-npm-css-brunch-2-0-0-package-tgz tar:///home/mi/.npm/css-brunch/2.0.0/package.tgz
246 silly lockFile 0fc581a9-npm-css-brunch-2-0-0-package-tgz tar:///home/mi/.npm/css-brunch/2.0.0/package.tgz
247 silly lockFile 2042b579--mi-npm-css-brunch-2-0-0-package /home/mi/.npm/css-brunch/2.0.0/package
248 verbose lock /home/mi/.npm/css-brunch/2.0.0/package /home/mi/.npm/2042b579--mi-npm-css-brunch-2-0-0-package.lock
249 silly lockFile 2042b579--mi-npm-css-brunch-2-0-0-package /home/mi/.npm/css-brunch/2.0.0/package
250 silly lockFile 2042b579--mi-npm-css-brunch-2-0-0-package /home/mi/.npm/css-brunch/2.0.0/package
251 verbose tar unpack /home/mi/.npm/css-brunch/2.0.0/package.tgz
252 silly lockFile 2da58ace--mi-npm-css-brunch-2-0-0-package tar:///home/mi/.npm/css-brunch/2.0.0/package
253 verbose lock tar:///home/mi/.npm/css-brunch/2.0.0/package /home/mi/.npm/2da58ace--mi-npm-css-brunch-2-0-0-package.lock
254 silly lockFile 0fc581a9-npm-css-brunch-2-0-0-package-tgz tar:///home/mi/.npm/css-brunch/2.0.0/package.tgz
255 verbose lock tar:///home/mi/.npm/css-brunch/2.0.0/package.tgz /home/mi/.npm/0fc581a9-npm-css-brunch-2-0-0-package-tgz.lock
256 silly gunzTarPerm modes [ '755', '644' ]
257 silly gunzTarPerm extractEntry package.json
258 silly gunzTarPerm extractEntry .npmignore
259 silly gunzTarPerm extractEntry README.md
260 silly gunzTarPerm extractEntry index.js
261 silly gunzTarPerm extractEntry test.js
262 silly gunzTarPerm extractEntry .eslintrc.json
263 silly lockFile 2da58ace--mi-npm-css-brunch-2-0-0-package tar:///home/mi/.npm/css-brunch/2.0.0/package
264 silly lockFile 2da58ace--mi-npm-css-brunch-2-0-0-package tar:///home/mi/.npm/css-brunch/2.0.0/package
265 silly lockFile 0fc581a9-npm-css-brunch-2-0-0-package-tgz tar:///home/mi/.npm/css-brunch/2.0.0/package.tgz
266 silly lockFile 0fc581a9-npm-css-brunch-2-0-0-package-tgz tar:///home/mi/.npm/css-brunch/2.0.0/package.tgz
267 verbose chmod /home/mi/.npm/css-brunch/2.0.0/package.tgz 644
268 verbose chown /home/mi/.npm/css-brunch/2.0.0/package.tgz [ 1000, 1000 ]
269 silly lockFile c0e3b9bc--css-brunch-css-brunch-2-0-0-tgz https://registry.npmjs.org/css-brunch/-/css-brunch-2.0.0.tgz
270 silly lockFile c0e3b9bc--css-brunch-css-brunch-2-0-0-tgz https://registry.npmjs.org/css-brunch/-/css-brunch-2.0.0.tgz
271 silly lockFile 708400cd-css-brunch-2-0-0 css-brunch@2.0.0
272 silly lockFile 708400cd-css-brunch-2-0-0 css-brunch@2.0.0
273 silly lockFile 1da32090-css-brunch-2-0-0 css-brunch@~2.0.0
274 silly lockFile 1da32090-css-brunch-2-0-0 css-brunch@~2.0.0
275 verbose tar unpack /home/mi/tmp/npm-12767-ihm5559z/1486090998940-0.6554896789602935/tmp.tgz
276 silly lockFile d5011c91-98940-0-6554896789602935-package tar:///home/mi/tmp/npm-12767-ihm5559z/1486090998940-0.6554896789602935/package
277 verbose lock tar:///home/mi/tmp/npm-12767-ihm5559z/1486090998940-0.6554896789602935/package /home/mi/.npm/d5011c91-98940-0-6554896789602935-package.lock
278 silly lockFile 1f4a5188-98940-0-6554896789602935-tmp-tgz tar:///home/mi/tmp/npm-12767-ihm5559z/1486090998940-0.6554896789602935/tmp.tgz
279 verbose lock tar:///home/mi/tmp/npm-12767-ihm5559z/1486090998940-0.6554896789602935/tmp.tgz /home/mi/.npm/1f4a5188-98940-0-6554896789602935-tmp-tgz.lock
280 silly gunzTarPerm modes [ '755', '644' ]
281 silly gunzTarPerm extractEntry package.json
282 silly gunzTarPerm extractEntry README.md
283 silly gunzTarPerm extractEntry CHANGELOG.md
284 silly gunzTarPerm extractEntry bin/brunch
285 silly gunzTarPerm extractEntry lib/cli.js
286 silly gunzTarPerm extractEntry lib/config.js
287 silly gunzTarPerm extractEntry lib/watch.js
288 silly gunzTarPerm extractEntry lib/helpers.js
289 silly gunzTarPerm extractEntry lib/commands.js
290 silly gunzTarPerm extractEntry lib/index.js
291 silly gunzTarPerm extractEntry lib/modules.js
292 silly gunzTarPerm extractEntry lib/plugins.js
293 silly gunzTarPerm extractEntry lib/hmr.js
294 silly gunzTarPerm extractEntry lib/fs_utils/asset.js
295 silly gunzTarPerm extractEntry lib/fs_utils/common.js
296 silly gunzTarPerm extractEntry lib/fs_utils/file_list.js
297 silly gunzTarPerm extractEntry lib/fs_utils/generate.js
298 silly gunzTarPerm extractEntry lib/fs_utils/index.js
299 silly gunzTarPerm extractEntry lib/fs_utils/pipeline.js
300 silly gunzTarPerm extractEntry lib/fs_utils/source_file.js
301 silly gunzTarPerm extractEntry lib/fs_utils/write.js
302 silly gunzTarPerm extractEntry lib/workers/index.js
303 silly gunzTarPerm extractEntry lib/workers/job-processor.js
304 silly gunzTarPerm extractEntry lib/workers/manager.js
305 silly lockFile d5011c91-98940-0-6554896789602935-package tar:///home/mi/tmp/npm-12767-ihm5559z/1486090998940-0.6554896789602935/package
306 silly lockFile d5011c91-98940-0-6554896789602935-package tar:///home/mi/tmp/npm-12767-ihm5559z/1486090998940-0.6554896789602935/package
307 silly lockFile 1f4a5188-98940-0-6554896789602935-tmp-tgz tar:///home/mi/tmp/npm-12767-ihm5559z/1486090998940-0.6554896789602935/tmp.tgz
308 silly lockFile 1f4a5188-98940-0-6554896789602935-tmp-tgz tar:///home/mi/tmp/npm-12767-ihm5559z/1486090998940-0.6554896789602935/tmp.tgz
309 verbose tar pack [ '/home/mi/.npm/brunch/2.7.4/package.tgz',
309 verbose tar pack   '/home/mi/tmp/npm-12767-ihm5559z/1486090998940-0.6554896789602935/package' ]
310 verbose tarball /home/mi/.npm/brunch/2.7.4/package.tgz
311 verbose folder /home/mi/tmp/npm-12767-ihm5559z/1486090998940-0.6554896789602935/package
312 silly lockFile d5011c91-98940-0-6554896789602935-package tar:///home/mi/tmp/npm-12767-ihm5559z/1486090998940-0.6554896789602935/package
313 verbose lock tar:///home/mi/tmp/npm-12767-ihm5559z/1486090998940-0.6554896789602935/package /home/mi/.npm/d5011c91-98940-0-6554896789602935-package.lock
314 silly lockFile 592d2cb5--mi-npm-brunch-2-7-4-package-tgz tar:///home/mi/.npm/brunch/2.7.4/package.tgz
315 verbose lock tar:///home/mi/.npm/brunch/2.7.4/package.tgz /home/mi/.npm/592d2cb5--mi-npm-brunch-2-7-4-package-tgz.lock
316 silly lockFile d5011c91-98940-0-6554896789602935-package tar:///home/mi/tmp/npm-12767-ihm5559z/1486090998940-0.6554896789602935/package
317 silly lockFile d5011c91-98940-0-6554896789602935-package tar:///home/mi/tmp/npm-12767-ihm5559z/1486090998940-0.6554896789602935/package
318 silly lockFile 592d2cb5--mi-npm-brunch-2-7-4-package-tgz tar:///home/mi/.npm/brunch/2.7.4/package.tgz
319 silly lockFile 592d2cb5--mi-npm-brunch-2-7-4-package-tgz tar:///home/mi/.npm/brunch/2.7.4/package.tgz
320 silly lockFile a839e9eb-home-mi-npm-brunch-2-7-4-package /home/mi/.npm/brunch/2.7.4/package
321 verbose lock /home/mi/.npm/brunch/2.7.4/package /home/mi/.npm/a839e9eb-home-mi-npm-brunch-2-7-4-package.lock
322 silly lockFile a839e9eb-home-mi-npm-brunch-2-7-4-package /home/mi/.npm/brunch/2.7.4/package
323 silly lockFile a839e9eb-home-mi-npm-brunch-2-7-4-package /home/mi/.npm/brunch/2.7.4/package
324 verbose tar unpack /home/mi/.npm/brunch/2.7.4/package.tgz
325 silly lockFile 69305513-home-mi-npm-brunch-2-7-4-package tar:///home/mi/.npm/brunch/2.7.4/package
326 verbose lock tar:///home/mi/.npm/brunch/2.7.4/package /home/mi/.npm/69305513-home-mi-npm-brunch-2-7-4-package.lock
327 silly lockFile 592d2cb5--mi-npm-brunch-2-7-4-package-tgz tar:///home/mi/.npm/brunch/2.7.4/package.tgz
328 verbose lock tar:///home/mi/.npm/brunch/2.7.4/package.tgz /home/mi/.npm/592d2cb5--mi-npm-brunch-2-7-4-package-tgz.lock
329 silly gunzTarPerm modes [ '755', '644' ]
330 silly gunzTarPerm extractEntry package.json
331 silly gunzTarPerm extractEntry README.md
332 silly gunzTarPerm extractEntry bin/brunch
333 silly gunzTarPerm extractEntry lib/cli.js
334 silly gunzTarPerm extractEntry lib/config.js
335 silly gunzTarPerm extractEntry lib/watch.js
336 silly gunzTarPerm extractEntry lib/helpers.js
337 silly gunzTarPerm extractEntry lib/commands.js
338 silly gunzTarPerm extractEntry lib/index.js
339 silly gunzTarPerm extractEntry lib/modules.js
340 silly gunzTarPerm extractEntry lib/plugins.js
341 silly gunzTarPerm extractEntry lib/hmr.js
342 silly gunzTarPerm extractEntry lib/fs_utils/asset.js
343 silly gunzTarPerm extractEntry lib/fs_utils/common.js
344 silly gunzTarPerm extractEntry lib/fs_utils/file_list.js
345 silly gunzTarPerm extractEntry lib/fs_utils/generate.js
346 silly gunzTarPerm extractEntry lib/fs_utils/index.js
347 silly gunzTarPerm extractEntry lib/fs_utils/pipeline.js
348 silly gunzTarPerm extractEntry lib/fs_utils/source_file.js
349 silly gunzTarPerm extractEntry lib/fs_utils/write.js
350 silly gunzTarPerm extractEntry lib/workers/index.js
351 silly gunzTarPerm extractEntry lib/workers/job-processor.js
352 silly gunzTarPerm extractEntry lib/workers/manager.js
353 silly lockFile 69305513-home-mi-npm-brunch-2-7-4-package tar:///home/mi/.npm/brunch/2.7.4/package
354 silly lockFile 69305513-home-mi-npm-brunch-2-7-4-package tar:///home/mi/.npm/brunch/2.7.4/package
355 silly lockFile 592d2cb5--mi-npm-brunch-2-7-4-package-tgz tar:///home/mi/.npm/brunch/2.7.4/package.tgz
356 silly lockFile 592d2cb5--mi-npm-brunch-2-7-4-package-tgz tar:///home/mi/.npm/brunch/2.7.4/package.tgz
357 verbose chmod /home/mi/.npm/brunch/2.7.4/package.tgz 644
358 verbose chown /home/mi/.npm/brunch/2.7.4/package.tgz [ 1000, 1000 ]
359 silly lockFile 4af45fd5-pmjs-org-brunch-brunch-2-7-4-tgz https://registry.npmjs.org/brunch/-/brunch-2.7.4.tgz
360 silly lockFile 4af45fd5-pmjs-org-brunch-brunch-2-7-4-tgz https://registry.npmjs.org/brunch/-/brunch-2.7.4.tgz
361 silly lockFile 34741395-brunch-2-7-4 brunch@2.7.4
362 silly lockFile 34741395-brunch-2-7-4 brunch@2.7.4
363 verbose git clone git://github.com/file:deps/phoenix 克隆到纯仓库 '/home/mi/.npm/_git-remotes/git-github-com-file-deps-phoenix-6d5f9840'...
363 verbose git clone git://github.com/file:deps/phoenix fatal: remote error:
363 verbose git clone git://github.com/file:deps/phoenix   file:deps/phoenix is not a valid repository name
363 verbose git clone git://github.com/file:deps/phoenix   Email support@github.com for help
364 silly lockFile 6d5f9840-git-github-com-file-deps-phoenix git://github.com/file:deps/phoenix
365 silly lockFile 6d5f9840-git-github-com-file-deps-phoenix git://github.com/file:deps/phoenix
366 info maybeGithub Attempting file:deps/phoenix from git+ssh://git@github.com:file:deps/phoenix
367 silly lockFile 93144fb2-git-github-com-file-deps-phoenix git+ssh://git@github.com:file:deps/phoenix
368 verbose lock git+ssh://git@github.com:file:deps/phoenix /home/mi/.npm/93144fb2-git-github-com-file-deps-phoenix.lock
369 verbose addRemoteGit [ 'git@github.com:file:deps/phoenix', 'master' ]
370 http 404 https://registry.npmjs.org/phoenix_html
371 silly registry.get cb [ 404,
371 silly registry.get   { 'content-type': 'application/json',
371 silly registry.get     'cache-control': 'max-age=0',
371 silly registry.get     'content-length': '2',
371 silly registry.get     'accept-ranges': 'bytes',
371 silly registry.get     date: 'Fri, 03 Feb 2017 03:03:20 GMT',
371 silly registry.get     via: '1.1 varnish',
371 silly registry.get     age: '0',
371 silly registry.get     connection: 'keep-alive',
371 silly registry.get     'x-served-by': 'cache-nrt6134-NRT',
371 silly registry.get     'x-cache': 'MISS',
371 silly registry.get     'x-cache-hits': '0',
371 silly registry.get     'x-timer': 'S1486090999.088160,VS0,VE1184',
371 silly registry.get     vary: 'Accept-Encoding' } ]
372 error TypeError: Object.keys called on non-object
372 error     at Function.keys (native)
372 error     at installTargetsError (/usr/share/npm/lib/cache.js:708:24)
372 error     at /usr/share/npm/lib/cache.js:638:10
372 error     at saved (/usr/share/npm/node_modules/npm-registry-client/lib/get.js:142:7)
372 error     at /usr/lib/nodejs/graceful-fs/polyfills.js:133:7
372 error     at Object.oncomplete (fs.js:107:15)
373 error If you need help, you may report this log at:
373 error     <http://github.com/isaacs/npm/issues>
373 error or email it to:
373 error     <npm-@googlegroups.com>
374 error System Linux 3.13.0-107-generic
375 error command "/usr/bin/nodejs" "/usr/bin/npm" "install"
376 error cwd /home/mi/code/elixir/one_api
377 error node -v v0.10.25
378 error npm -v 1.3.10
379 error type called_on_non_object
380 verbose exit [ 1, true ]
